{"/home/k/Desktop/Red_Tetris2/normal/api/pieces.js": {"path":"/home/k/Desktop/Red_Tetris2/normal/api/pieces.js","statementMap":{"0":{"start":{"line":3,"column":8},"end":{"line":155,"column":10}},"1":{"start":{"line":159,"column":28},"end":{"line":159,"column":74}},"2":{"start":{"line":160,"column":29},"end":{"line":160,"column":53}},"3":{"start":{"line":161,"column":28},"end":{"line":161,"column":71}},"4":{"start":{"line":162,"column":8},"end":{"line":162,"column":27}},"5":{"start":{"line":167,"column":20},"end":{"line":167,"column":22}},"6":{"start":{"line":168,"column":17},"end":{"line":168,"column":29}},"7":{"start":{"line":169,"column":8},"end":{"line":171,"column":3}},"8":{"start":{"line":169,"column":21},"end":{"line":169,"column":22}},"9":{"start":{"line":170,"column":12},"end":{"line":170,"column":54}},"10":{"start":{"line":172,"column":1},"end":{"line":172,"column":19}},"11":{"start":{"line":176,"column":0},"end":{"line":176,"column":24}}},"fnMap":{"0":{"name":"(anonymous_0)","decl":{"start":{"line":2,"column":4},"end":{"line":2,"column":5}},"loc":{"start":{"line":2,"column":18},"end":{"line":156,"column":5}},"line":2},"1":{"name":"(anonymous_1)","decl":{"start":{"line":158,"column":4},"end":{"line":158,"column":5}},"loc":{"start":{"line":158,"column":21},"end":{"line":163,"column":5}},"line":158},"2":{"name":"(anonymous_2)","decl":{"start":{"line":165,"column":1},"end":{"line":165,"column":2}},"loc":{"start":{"line":166,"column":1},"end":{"line":173,"column":2}},"line":166}},"branchMap":{},"s":{"0":4,"1":2011,"2":2011,"3":2011,"4":2011,"5":1,"6":1,"7":1,"8":1,"9":2000,"10":1,"11":1},"f":{"0":4,"1":2011,"2":1},"b":{},"_coverageSchema":"1a1c01bbd47fc00a2c39e90264f33305004495a9","hash":"26f8ff7075449dec2c79322d0efa9afe92b48507"}
,"/home/k/Desktop/Red_Tetris2/normal/api/players.js": {"path":"/home/k/Desktop/Red_Tetris2/normal/api/players.js","statementMap":{"0":{"start":{"line":3,"column":2},"end":{"line":3,"column":18}},"1":{"start":{"line":4,"column":2},"end":{"line":4,"column":22}},"2":{"start":{"line":5,"column":2},"end":{"line":5,"column":28}},"3":{"start":{"line":6,"column":2},"end":{"line":6,"column":22}},"4":{"start":{"line":7,"column":2},"end":{"line":7,"column":14}},"5":{"start":{"line":8,"column":2},"end":{"line":8,"column":22}},"6":{"start":{"line":12,"column":2},"end":{"line":15,"column":3}},"7":{"start":{"line":14,"column":3},"end":{"line":14,"column":24}},"8":{"start":{"line":19,"column":2},"end":{"line":19,"column":26}},"9":{"start":{"line":23,"column":2},"end":{"line":23,"column":18}},"10":{"start":{"line":27,"column":2},"end":{"line":27,"column":22}},"11":{"start":{"line":31,"column":0},"end":{"line":31,"column":25}}},"fnMap":{"0":{"name":"(anonymous_0)","decl":{"start":{"line":2,"column":1},"end":{"line":2,"column":2}},"loc":{"start":{"line":2,"column":58},"end":{"line":9,"column":2}},"line":2},"1":{"name":"(anonymous_1)","decl":{"start":{"line":11,"column":1},"end":{"line":11,"column":2}},"loc":{"start":{"line":11,"column":21},"end":{"line":16,"column":2}},"line":11},"2":{"name":"(anonymous_2)","decl":{"start":{"line":18,"column":1},"end":{"line":18,"column":2}},"loc":{"start":{"line":18,"column":24},"end":{"line":20,"column":2}},"line":18},"3":{"name":"(anonymous_3)","decl":{"start":{"line":22,"column":1},"end":{"line":22,"column":2}},"loc":{"start":{"line":22,"column":13},"end":{"line":24,"column":2}},"line":22},"4":{"name":"(anonymous_4)","decl":{"start":{"line":26,"column":1},"end":{"line":26,"column":2}},"loc":{"start":{"line":26,"column":18},"end":{"line":28,"column":2}},"line":26}},"branchMap":{"0":{"loc":{"start":{"line":12,"column":2},"end":{"line":15,"column":3}},"type":"if","locations":[{"start":{"line":12,"column":2},"end":{"line":15,"column":3}},{"start":{},"end":{}}],"line":12},"1":{"loc":{"start":{"line":12,"column":6},"end":{"line":12,"column":54}},"type":"binary-expr","locations":[{"start":{"line":12,"column":6},"end":{"line":12,"column":26}},{"start":{"line":12,"column":30},"end":{"line":12,"column":54}}],"line":12}},"s":{"0":16,"1":16,"2":16,"3":16,"4":16,"5":16,"6":3,"7":2,"8":1,"9":1,"10":1,"11":2},"f":{"0":16,"1":3,"2":1,"3":1,"4":1},"b":{"0":[2,1],"1":[3,2]},"_coverageSchema":"1a1c01bbd47fc00a2c39e90264f33305004495a9","hash":"b5173f7c0a81c2d2466ce8b7357e29e584e31d7b"}
,"/home/k/Desktop/Red_Tetris2/normal/api/room.js": {"path":"/home/k/Desktop/Red_Tetris2/normal/api/room.js","statementMap":{"0":{"start":{"line":1,"column":16},"end":{"line":1,"column":36}},"1":{"start":{"line":2,"column":16},"end":{"line":2,"column":36}},"2":{"start":{"line":6,"column":2},"end":{"line":6,"column":19}},"3":{"start":{"line":7,"column":2},"end":{"line":7,"column":63}},"4":{"start":{"line":8,"column":2},"end":{"line":8,"column":22}},"5":{"start":{"line":9,"column":2},"end":{"line":9,"column":36}},"6":{"start":{"line":10,"column":2},"end":{"line":10,"column":32}},"7":{"start":{"line":11,"column":2},"end":{"line":11,"column":24}},"8":{"start":{"line":15,"column":2},"end":{"line":15,"column":65}},"9":{"start":{"line":20,"column":23},"end":{"line":20,"column":55}},"10":{"start":{"line":22,"column":2},"end":{"line":22,"column":50}},"11":{"start":{"line":26,"column":14},"end":{"line":26,"column":48}},"12":{"start":{"line":27,"column":2},"end":{"line":27,"column":13}},"13":{"start":{"line":31,"column":4},"end":{"line":31,"column":79}},"14":{"start":{"line":31,"column":49},"end":{"line":31,"column":77}},"15":{"start":{"line":38,"column":0},"end":{"line":38,"column":22}}},"fnMap":{"0":{"name":"(anonymous_0)","decl":{"start":{"line":5,"column":1},"end":{"line":5,"column":2}},"loc":{"start":{"line":5,"column":37},"end":{"line":12,"column":2}},"line":5},"1":{"name":"(anonymous_1)","decl":{"start":{"line":14,"column":1},"end":{"line":14,"column":2}},"loc":{"start":{"line":14,"column":32},"end":{"line":16,"column":2}},"line":14},"2":{"name":"(anonymous_2)","decl":{"start":{"line":18,"column":1},"end":{"line":18,"column":2}},"loc":{"start":{"line":18,"column":17},"end":{"line":23,"column":2}},"line":18},"3":{"name":"(anonymous_3)","decl":{"start":{"line":25,"column":1},"end":{"line":25,"column":2}},"loc":{"start":{"line":25,"column":15},"end":{"line":28,"column":2}},"line":25},"4":{"name":"(anonymous_4)","decl":{"start":{"line":30,"column":1},"end":{"line":30,"column":2}},"loc":{"start":{"line":30,"column":24},"end":{"line":32,"column":3}},"line":30},"5":{"name":"(anonymous_5)","decl":{"start":{"line":31,"column":39},"end":{"line":31,"column":40}},"loc":{"start":{"line":31,"column":49},"end":{"line":31,"column":77}},"line":31}},"branchMap":{},"s":{"0":1,"1":1,"2":7,"3":7,"4":7,"5":7,"6":7,"7":7,"8":2,"9":7,"10":7,"11":7,"12":7,"13":1,"14":2,"15":1},"f":{"0":7,"1":2,"2":7,"3":7,"4":1,"5":2},"b":{},"_coverageSchema":"1a1c01bbd47fc00a2c39e90264f33305004495a9","hash":"d1c14b05b05c9695959c88b48ec50d926a8722e9"}
,"/home/k/Desktop/Red_Tetris2/normal/api/scores.js": {"path":"/home/k/Desktop/Red_Tetris2/normal/api/scores.js","statementMap":{"0":{"start":{"line":3,"column":2},"end":{"line":3,"column":18}},"1":{"start":{"line":4,"column":2},"end":{"line":4,"column":22}},"2":{"start":{"line":5,"column":2},"end":{"line":5,"column":22}},"3":{"start":{"line":9,"column":0},"end":{"line":9,"column":24}}},"fnMap":{"0":{"name":"(anonymous_0)","decl":{"start":{"line":2,"column":1},"end":{"line":2,"column":2}},"loc":{"start":{"line":2,"column":35},"end":{"line":6,"column":2}},"line":2}},"branchMap":{},"s":{"0":3,"1":3,"2":3,"3":1},"f":{"0":3},"b":{},"_coverageSchema":"1a1c01bbd47fc00a2c39e90264f33305004495a9","hash":"83c840a5ace6b318ed9f9c9e0b5a18d30ee768fa"}
}
