<?xml version="1.0" encoding="UTF-8"?>
<coverage generated="1737860628501" clover="3.2.0">
  <project timestamp="1737860628501" name="All files">
    <metrics statements="42" coveredstatements="42" conditionals="4" coveredconditionals="4" methods="15" coveredmethods="15" elements="61" coveredelements="61" complexity="0" loc="42" ncloc="42" packages="1" files="4" classes="4"/>
    <file name="pieces.js" path="/home/k/Desktop/Red_test2/Red_Tetris2/normal/api/pieces.js">
      <metrics statements="11" coveredstatements="11" conditionals="0" coveredconditionals="0" methods="3" coveredmethods="3"/>
      <line num="3" count="4" type="stmt"/>
      <line num="159" count="2011" type="stmt"/>
      <line num="160" count="2011" type="stmt"/>
      <line num="161" count="2011" type="stmt"/>
      <line num="162" count="2011" type="stmt"/>
      <line num="167" count="1" type="stmt"/>
      <line num="168" count="1" type="stmt"/>
      <line num="169" count="1" type="stmt"/>
      <line num="170" count="2000" type="stmt"/>
      <line num="172" count="1" type="stmt"/>
      <line num="176" count="1" type="stmt"/>
    </file>
    <file name="players.js" path="/home/k/Desktop/Red_test2/Red_Tetris2/normal/api/players.js">
      <metrics statements="12" coveredstatements="12" conditionals="4" coveredconditionals="4" methods="5" coveredmethods="5"/>
      <line num="3" count="16" type="stmt"/>
      <line num="4" count="16" type="stmt"/>
      <line num="5" count="16" type="stmt"/>
      <line num="6" count="16" type="stmt"/>
      <line num="7" count="16" type="stmt"/>
      <line num="8" count="16" type="stmt"/>
      <line num="12" count="3" type="cond" truecount="4" falsecount="0"/>
      <line num="14" count="2" type="stmt"/>
      <line num="19" count="1" type="stmt"/>
      <line num="23" count="1" type="stmt"/>
      <line num="27" count="1" type="stmt"/>
      <line num="31" count="2" type="stmt"/>
    </file>
    <file name="room.js" path="/home/k/Desktop/Red_test2/Red_Tetris2/normal/api/room.js">
      <metrics statements="15" coveredstatements="15" conditionals="0" coveredconditionals="0" methods="6" coveredmethods="6"/>
      <line num="1" count="1" type="stmt"/>
      <line num="2" count="1" type="stmt"/>
      <line num="6" count="7" type="stmt"/>
      <line num="7" count="7" type="stmt"/>
      <line num="8" count="7" type="stmt"/>
      <line num="9" count="7" type="stmt"/>
      <line num="10" count="7" type="stmt"/>
      <line num="11" count="7" type="stmt"/>
      <line num="15" count="2" type="stmt"/>
      <line num="20" count="7" type="stmt"/>
      <line num="22" count="7" type="stmt"/>
      <line num="26" count="7" type="stmt"/>
      <line num="27" count="7" type="stmt"/>
      <line num="31" count="2" type="stmt"/>
      <line num="38" count="1" type="stmt"/>
    </file>
    <file name="scores.js" path="/home/k/Desktop/Red_test2/Red_Tetris2/normal/api/scores.js">
      <metrics statements="4" coveredstatements="4" conditionals="0" coveredconditionals="0" methods="1" coveredmethods="1"/>
      <line num="3" count="3" type="stmt"/>
      <line num="4" count="3" type="stmt"/>
      <line num="5" count="3" type="stmt"/>
      <line num="9" count="1" type="stmt"/>
    </file>
  </project>
</coverage>
