TN:
SF:pieces.js
FN:2,(anonymous_0)
FN:158,(anonymous_1)
FN:165,(anonymous_2)
FNF:3
FNH:3
FNDA:4,(anonymous_0)
FNDA:2011,(anonymous_1)
FNDA:1,(anonymous_2)
DA:3,4
DA:159,2011
DA:160,2011
DA:161,2011
DA:162,2011
DA:167,1
DA:168,1
DA:169,1
DA:170,2000
DA:172,1
DA:176,1
LF:11
LH:11
BRF:0
BRH:0
end_of_record
TN:
SF:players.js
FN:2,(anonymous_0)
FN:11,(anonymous_1)
FN:18,(anonymous_2)
FN:22,(anonymous_3)
FN:26,(anonymous_4)
FNF:5
FNH:5
FNDA:16,(anonymous_0)
FNDA:3,(anonymous_1)
FNDA:1,(anonymous_2)
FNDA:1,(anonymous_3)
FNDA:1,(anonymous_4)
DA:3,16
DA:4,16
DA:5,16
DA:6,16
DA:7,16
DA:8,16
DA:12,3
DA:14,2
DA:19,1
DA:23,1
DA:27,1
DA:31,2
LF:12
LH:12
BRDA:12,0,0,2
BRDA:12,0,1,1
BRDA:12,1,0,3
BRDA:12,1,1,2
BRF:4
BRH:4
end_of_record
TN:
SF:room.js
FN:5,(anonymous_0)
FN:14,(anonymous_1)
FN:18,(anonymous_2)
FN:25,(anonymous_3)
FN:30,(anonymous_4)
FN:31,(anonymous_5)
FNF:6
FNH:6
FNDA:7,(anonymous_0)
FNDA:2,(anonymous_1)
FNDA:7,(anonymous_2)
FNDA:7,(anonymous_3)
FNDA:1,(anonymous_4)
FNDA:2,(anonymous_5)
DA:1,1
DA:2,1
DA:6,7
DA:7,7
DA:8,7
DA:9,7
DA:10,7
DA:11,7
DA:15,2
DA:20,7
DA:22,7
DA:26,7
DA:27,7
DA:31,2
DA:38,1
LF:15
LH:15
BRF:0
BRH:0
end_of_record
TN:
SF:scores.js
FN:2,(anonymous_0)
FNF:1
FNH:1
FNDA:3,(anonymous_0)
DA:3,3
DA:4,3
DA:5,3
DA:9,1
LF:4
LH:4
BRF:0
BRH:0
end_of_record
